[debug] [2020-03-13T08:06:45.552Z] ----------------------------------------------------------------------
[debug] [2020-03-13T08:06:45.554Z] Command:       /root/.nvm/versions/node/v13.11.0/bin/node /root/.nvm/versions/node/v13.11.0/bin/firebase init
[debug] [2020-03-13T08:06:45.555Z] CLI Version:   7.15.0
[debug] [2020-03-13T08:06:45.555Z] Platform:      linux
[debug] [2020-03-13T08:06:45.555Z] Node Version:  v13.11.0
[debug] [2020-03-13T08:06:45.555Z] Time:          Fri Mar 13 2020 08:06:45 GMT+0000 (Coordinated Universal Time)
[debug] [2020-03-13T08:06:45.555Z] ----------------------------------------------------------------------
[debug] [2020-03-13T08:06:45.555Z] 
[debug] [2020-03-13T08:06:45.560Z] > command requires scopes: ["email","openid","https://www.googleapis.com/auth/cloudplatformprojects.readonly","https://www.googleapis.com/auth/firebase","https://www.googleapis.com/auth/cloud-platform"]
[debug] [2020-03-13T08:06:45.560Z] > authorizing via signed-in user
[info] 
     ######## #### ########  ######## ########     ###     ######  ########
     ##        ##  ##     ## ##       ##     ##  ##   ##  ##       ##
     ######    ##  ########  ######   ########  #########  ######  ######
     ##        ##  ##    ##  ##       ##     ## ##     ##       ## ##
     ##       #### ##     ## ######## ########  ##     ##  ######  ########

You're about to initialize a Firebase project in this directory:

  /root/AndroidStudioProjects/GoDeliver

[info] 
=== Project Setup
[info] 
[info] First, let's associate this project directory with a Firebase project.
[info] You can create multiple project aliases by running firebase use --add, 
[info] but for now we'll just set up a default project.
[info] 
[debug] [2020-03-13T11:42:02.271Z] TypeError: Cannot read property 'setRawMode' of null
    at ReadStream.setRawMode (tty.js:75:28)
    at Interface._setRawMode (readline.js:298:16)
    at Interface.close (readline.js:421:10)
    at ReadStream.ontermend (readline.js:209:10)
    at ReadStream.emit (events.js:327:22)
    at ReadStream.EventEmitter.emit (domain.js:485:12)
    at endReadableNT (_stream_readable.js:1201:12)
    at processTicksAndRejections (internal/process/task_queues.js:84:21)
